This file contains any messages produced by compilers while
running configure, to aid debugging if configure makes a mistake.

It was created by gnome-alsamixer configure 0.9.7, which was
generated by GNU Autoconf 2.61.  Invocation command line was

  $ /home/sl/project/gnome-alsamixer/1/gnome-alsamixer-0.9.7~cvs.20060916.ds.1/./configure --build=x86_64-linux-gnu --prefix=/usr --includedir=${prefix}/include --mandir=${prefix}/share/man --infodir=${prefix}/share/info --sysconfdir=/etc --localstatedir=/var --libexecdir=${prefix}/lib/gnome-alsamixer --srcdir=. --disable-maintainer-mode --disable-dependency-tracking --disable-silent-rules

## --------- ##
## Platform. ##
## --------- ##

hostname = host-os
uname -m = x86_64
uname -r = 3.2.0-34-generic
uname -s = Linux
uname -v = #53-Ubuntu SMP Thu Nov 15 10:48:16 UTC 2012

/usr/bin/uname -p = unknown
/bin/uname -X     = unknown

/bin/arch              = unknown
/usr/bin/arch -k       = unknown
/usr/convex/getsysinfo = unknown
/usr/bin/hostinfo      = unknown
/bin/machine           = unknown
/usr/bin/oslevel       = unknown
/bin/universe          = unknown

PATH: /usr/lib/libfm
PATH: /home/sl/bin
PATH: /usr/lib/lightdm/lightdm
PATH: /usr/local/sbin
PATH: /usr/local/bin
PATH: /usr/sbin
PATH: /usr/bin
PATH: /sbin
PATH: /bin
PATH: /usr/games


## ----------- ##
## Core tests. ##
## ----------- ##

configure:1838: checking for a BSD-compatible install
configure:1894: result: /usr/bin/install -c
configure:1905: checking whether build environment is sane
configure:1948: result: yes
configure:2013: checking for gawk
configure:2043: result: no
configure:2013: checking for mawk
configure:2029: found /usr/bin/mawk
configure:2040: result: mawk
configure:2051: checking whether make sets $(MAKE)
configure:2072: result: yes
configure:2256: checking whether to enable maintainer-specific portions of Makefiles
configure:2265: result: no
configure:2295: checking for style of include used by make
configure:2323: result: GNU
configure:2396: checking for gcc
configure:2412: found /usr/bin/gcc
configure:2423: result: gcc
configure:2661: checking for C compiler version
configure:2668: gcc --version >&5
gcc (Ubuntu/Linaro 4.6.3-1ubuntu5) 4.6.3
Copyright (C) 2011 Free Software Foundation, Inc.
This is free software; see the source for copying conditions.  There is NO
warranty; not even for MERCHANTABILITY or FITNESS FOR A PARTICULAR PURPOSE.

configure:2671: $? = 0
configure:2678: gcc -v >&5
Using built-in specs.
COLLECT_GCC=gcc
COLLECT_LTO_WRAPPER=/usr/lib/gcc/x86_64-linux-gnu/4.6/lto-wrapper
Target: x86_64-linux-gnu
Configured with: ../src/configure -v --with-pkgversion='Ubuntu/Linaro 4.6.3-1ubuntu5' --with-bugurl=file:///usr/share/doc/gcc-4.6/README.Bugs --enable-languages=c,c++,fortran,objc,obj-c++ --prefix=/usr --program-suffix=-4.6 --enable-shared --enable-linker-build-id --with-system-zlib --libexecdir=/usr/lib --without-included-gettext --enable-threads=posix --with-gxx-include-dir=/usr/include/c++/4.6 --libdir=/usr/lib --enable-nls --with-sysroot=/ --enable-clocale=gnu --enable-libstdcxx-debug --enable-libstdcxx-time=yes --enable-gnu-unique-object --enable-plugin --enable-objc-gc --disable-werror --with-arch-32=i686 --with-tune=generic --enable-checking=release --build=x86_64-linux-gnu --host=x86_64-linux-gnu --target=x86_64-linux-gnu
Thread model: posix
gcc version 4.6.3 (Ubuntu/Linaro 4.6.3-1ubuntu5) 
configure:2681: $? = 0
configure:2688: gcc -V >&5
gcc: error: unrecognized option '-V'
gcc: fatal error: no input files
compilation terminated.
configure:2691: $? = 4
configure:2714: checking for C compiler default output file name
configure:2741: gcc -g -O2 -fstack-protector --param=ssp-buffer-size=4 -Wformat -Wformat-security -g -O2 -fstack-protector --param=ssp-buffer-size=4 -Wformat -Wformat-security -Werror=format-security -Wall -D_FORTIFY_SOURCE=2 -Wl,-Bsymbolic-functions -Wl,-z,relro conftest.c  >&5
configure:2744: $? = 0
configure:2782: result: a.out
configure:2799: checking whether the C compiler works
configure:2809: ./a.out
configure:2812: $? = 0
configure:2829: result: yes
configure:2836: checking whether we are cross compiling
configure:2838: result: no
configure:2841: checking for suffix of executables
configure:2848: gcc -o conftest -g -O2 -fstack-protector --param=ssp-buffer-size=4 -Wformat -Wformat-security -g -O2 -fstack-protector --param=ssp-buffer-size=4 -Wformat -Wformat-security -Werror=format-security -Wall -D_FORTIFY_SOURCE=2 -Wl,-Bsymbolic-functions -Wl,-z,relro conftest.c  >&5
configure:2851: $? = 0
configure:2875: result: 
configure:2881: checking for suffix of object files
configure:2907: gcc -c -g -O2 -fstack-protector --param=ssp-buffer-size=4 -Wformat -Wformat-security -g -O2 -fstack-protector --param=ssp-buffer-size=4 -Wformat -Wformat-security -Werror=format-security -Wall -D_FORTIFY_SOURCE=2 conftest.c >&5
configure:2910: $? = 0
configure:2933: result: o
configure:2937: checking whether we are using the GNU C compiler
configure:2966: gcc -c -g -O2 -fstack-protector --param=ssp-buffer-size=4 -Wformat -Wformat-security -g -O2 -fstack-protector --param=ssp-buffer-size=4 -Wformat -Wformat-security -Werror=format-security -Wall -D_FORTIFY_SOURCE=2 conftest.c >&5
configure:2972: $? = 0
configure:2989: result: yes
configure:2994: checking whether gcc accepts -g
configure:3024: gcc -c -g -D_FORTIFY_SOURCE=2 conftest.c >&5
configure:3030: $? = 0
configure:3129: result: yes
configure:3146: checking for gcc option to accept ISO C89
configure:3220: gcc  -c -g -O2 -fstack-protector --param=ssp-buffer-size=4 -Wformat -Wformat-security -g -O2 -fstack-protector --param=ssp-buffer-size=4 -Wformat -Wformat-security -Werror=format-security -Wall -D_FORTIFY_SOURCE=2 conftest.c >&5
configure:3226: $? = 0
configure:3249: result: none needed
configure:3269: checking dependency style of gcc
configure:3359: result: none
configure:3377: checking for library containing strerror
configure:3418: gcc -o conftest -g -O2 -fstack-protector --param=ssp-buffer-size=4 -Wformat -Wformat-security -g -O2 -fstack-protector --param=ssp-buffer-size=4 -Wformat -Wformat-security -Werror=format-security -Wall -D_FORTIFY_SOURCE=2 -Wl,-Bsymbolic-functions -Wl,-z,relro conftest.c  >&5
configure:3424: $? = 0
configure:3452: result: none required
configure:3508: checking for gcc
configure:3535: result: gcc
configure:3773: checking for C compiler version
configure:3780: gcc --version >&5
gcc (Ubuntu/Linaro 4.6.3-1ubuntu5) 4.6.3
Copyright (C) 2011 Free Software Foundation, Inc.
This is free software; see the source for copying conditions.  There is NO
warranty; not even for MERCHANTABILITY or FITNESS FOR A PARTICULAR PURPOSE.

configure:3783: $? = 0
configure:3790: gcc -v >&5
Using built-in specs.
COLLECT_GCC=gcc
COLLECT_LTO_WRAPPER=/usr/lib/gcc/x86_64-linux-gnu/4.6/lto-wrapper
Target: x86_64-linux-gnu
Configured with: ../src/configure -v --with-pkgversion='Ubuntu/Linaro 4.6.3-1ubuntu5' --with-bugurl=file:///usr/share/doc/gcc-4.6/README.Bugs --enable-languages=c,c++,fortran,objc,obj-c++ --prefix=/usr --program-suffix=-4.6 --enable-shared --enable-linker-build-id --with-system-zlib --libexecdir=/usr/lib --without-included-gettext --enable-threads=posix --with-gxx-include-dir=/usr/include/c++/4.6 --libdir=/usr/lib --enable-nls --with-sysroot=/ --enable-clocale=gnu --enable-libstdcxx-debug --enable-libstdcxx-time=yes --enable-gnu-unique-object --enable-plugin --enable-objc-gc --disable-werror --with-arch-32=i686 --with-tune=generic --enable-checking=release --build=x86_64-linux-gnu --host=x86_64-linux-gnu --target=x86_64-linux-gnu
Thread model: posix
gcc version 4.6.3 (Ubuntu/Linaro 4.6.3-1ubuntu5) 
configure:3793: $? = 0
configure:3800: gcc -V >&5
gcc: error: unrecognized option '-V'
gcc: fatal error: no input files
compilation terminated.
configure:3803: $? = 4
configure:3806: checking whether we are using the GNU C compiler
configure:3858: result: yes
configure:3863: checking whether gcc accepts -g
configure:3998: result: yes
configure:4015: checking for gcc option to accept ISO C89
configure:4118: result: none needed
configure:4138: checking dependency style of gcc
configure:4228: result: none
configure:4293: checking for gcc
configure:4320: result: gcc
configure:4558: checking for C compiler version
configure:4565: gcc --version >&5
gcc (Ubuntu/Linaro 4.6.3-1ubuntu5) 4.6.3
Copyright (C) 2011 Free Software Foundation, Inc.
This is free software; see the source for copying conditions.  There is NO
warranty; not even for MERCHANTABILITY or FITNESS FOR A PARTICULAR PURPOSE.

configure:4568: $? = 0
configure:4575: gcc -v >&5
Using built-in specs.
COLLECT_GCC=gcc
COLLECT_LTO_WRAPPER=/usr/lib/gcc/x86_64-linux-gnu/4.6/lto-wrapper
Target: x86_64-linux-gnu
Configured with: ../src/configure -v --with-pkgversion='Ubuntu/Linaro 4.6.3-1ubuntu5' --with-bugurl=file:///usr/share/doc/gcc-4.6/README.Bugs --enable-languages=c,c++,fortran,objc,obj-c++ --prefix=/usr --program-suffix=-4.6 --enable-shared --enable-linker-build-id --with-system-zlib --libexecdir=/usr/lib --without-included-gettext --enable-threads=posix --with-gxx-include-dir=/usr/include/c++/4.6 --libdir=/usr/lib --enable-nls --with-sysroot=/ --enable-clocale=gnu --enable-libstdcxx-debug --enable-libstdcxx-time=yes --enable-gnu-unique-object --enable-plugin --enable-objc-gc --disable-werror --with-arch-32=i686 --with-tune=generic --enable-checking=release --build=x86_64-linux-gnu --host=x86_64-linux-gnu --target=x86_64-linux-gnu
Thread model: posix
gcc version 4.6.3 (Ubuntu/Linaro 4.6.3-1ubuntu5) 
configure:4578: $? = 0
configure:4585: gcc -V >&5
gcc: error: unrecognized option '-V'
gcc: fatal error: no input files
compilation terminated.
configure:4588: $? = 4
configure:4591: checking whether we are using the GNU C compiler
configure:4643: result: yes
configure:4648: checking whether gcc accepts -g
configure:4783: result: yes
configure:4800: checking for gcc option to accept ISO C89
configure:4903: result: none needed
configure:4923: checking dependency style of gcc
configure:5013: result: none
configure:5046: checking for a BSD-compatible install
configure:5102: result: /usr/bin/install -c
configure:5118: checking how to run the C preprocessor
configure:5158: gcc -E -D_FORTIFY_SOURCE=2 conftest.c
configure:5164: $? = 0
configure:5195: gcc -E -D_FORTIFY_SOURCE=2 conftest.c
conftest.c:10:28: fatal error: ac_nonexistent.h: No such file or directory
compilation terminated.
configure:5201: $? = 1
configure: failed program was:
| /* confdefs.h.  */
| #define PACKAGE_NAME "gnome-alsamixer"
| #define PACKAGE_TARNAME "gnome-alsamixer"
| #define PACKAGE_VERSION "0.9.7"
| #define PACKAGE_STRING "gnome-alsamixer 0.9.7"
| #define PACKAGE_BUGREPORT ""
| #define PACKAGE "gnome-alsamixer"
| #define VERSION "0.9.7"
| /* end confdefs.h.  */
| #include <ac_nonexistent.h>
configure:5234: result: gcc -E
configure:5263: gcc -E -D_FORTIFY_SOURCE=2 conftest.c
configure:5269: $? = 0
configure:5300: gcc -E -D_FORTIFY_SOURCE=2 conftest.c
conftest.c:10:28: fatal error: ac_nonexistent.h: No such file or directory
compilation terminated.
configure:5306: $? = 1
configure: failed program was:
| /* confdefs.h.  */
| #define PACKAGE_NAME "gnome-alsamixer"
| #define PACKAGE_TARNAME "gnome-alsamixer"
| #define PACKAGE_VERSION "0.9.7"
| #define PACKAGE_STRING "gnome-alsamixer 0.9.7"
| #define PACKAGE_BUGREPORT ""
| #define PACKAGE "gnome-alsamixer"
| #define VERSION "0.9.7"
| /* end confdefs.h.  */
| #include <ac_nonexistent.h>
configure:5344: checking for grep that handles long lines and -e
configure:5418: result: /bin/grep
configure:5423: checking for egrep
configure:5501: result: /bin/grep -E
configure:5506: checking for ANSI C header files
configure:5536: gcc -c -g -O2 -fstack-protector --param=ssp-buffer-size=4 -Wformat -Wformat-security -g -O2 -fstack-protector --param=ssp-buffer-size=4 -Wformat -Wformat-security -Werror=format-security -Wall -D_FORTIFY_SOURCE=2 conftest.c >&5
configure:5542: $? = 0
configure:5641: gcc -o conftest -g -O2 -fstack-protector --param=ssp-buffer-size=4 -Wformat -Wformat-security -g -O2 -fstack-protector --param=ssp-buffer-size=4 -Wformat -Wformat-security -Werror=format-security -Wall -D_FORTIFY_SOURCE=2 -Wl,-Bsymbolic-functions -Wl,-z,relro conftest.c  >&5
configure:5644: $? = 0
configure:5650: ./conftest
configure:5653: $? = 0
configure:5670: result: yes
configure:5680: checking for an ANSI C-conforming const
configure:5755: gcc -c -g -O2 -fstack-protector --param=ssp-buffer-size=4 -Wformat -Wformat-security -g -O2 -fstack-protector --param=ssp-buffer-size=4 -Wformat -Wformat-security -Werror=format-security -Wall -D_FORTIFY_SOURCE=2 conftest.c >&5
conftest.c: In function 'main':
conftest.c:40:10: warning: 't' is used uninitialized in this function [-Wuninitialized]
configure:5761: $? = 0
configure:5776: result: yes
configure:5790: checking for rint
configure:5846: gcc -o conftest -g -O2 -fstack-protector --param=ssp-buffer-size=4 -Wformat -Wformat-security -g -O2 -fstack-protector --param=ssp-buffer-size=4 -Wformat -Wformat-security -Werror=format-security -Wall -D_FORTIFY_SOURCE=2 -Wl,-Bsymbolic-functions -Wl,-z,relro conftest.c  >&5
conftest.c:34:6: warning: conflicting types for built-in function 'rint' [enabled by default]
/tmp/ccAVaLQm.o: In function `main':
/home/sl/project/gnome-alsamixer/1/gnome-alsamixer-0.9.7~cvs.20060916.ds.1/conftest.c:45: undefined reference to `rint'
collect2: ld returned 1 exit status
configure:5852: $? = 1
configure: failed program was:
| /* confdefs.h.  */
| #define PACKAGE_NAME "gnome-alsamixer"
| #define PACKAGE_TARNAME "gnome-alsamixer"
| #define PACKAGE_VERSION "0.9.7"
| #define PACKAGE_STRING "gnome-alsamixer 0.9.7"
| #define PACKAGE_BUGREPORT ""
| #define PACKAGE "gnome-alsamixer"
| #define VERSION "0.9.7"
| #define STDC_HEADERS 1
| /* end confdefs.h.  */
| /* Define rint to an innocuous variant, in case <limits.h> declares rint.
|    For example, HP-UX 11i <limits.h> declares gettimeofday.  */
| #define rint innocuous_rint
| 
| /* System header to define __stub macros and hopefully few prototypes,
|     which can conflict with char rint (); below.
|     Prefer <limits.h> to <assert.h> if __STDC__ is defined, since
|     <limits.h> exists even on freestanding compilers.  */
| 
| #ifdef __STDC__
| # include <limits.h>
| #else
| # include <assert.h>
| #endif
| 
| #undef rint
| 
| /* Override any GCC internal prototype to avoid an error.
|    Use char because int might match the return type of a GCC
|    builtin and then its argument prototype would still apply.  */
| #ifdef __cplusplus
| extern "C"
| #endif
| char rint ();
| /* The GNU C library defines this for functions which it implements
|     to always fail with ENOSYS.  Some functions are actually named
|     something starting with __ and the normal name is an alias.  */
| #if defined __stub_rint || defined __stub___rint
| choke me
| #endif
| 
| int
| main ()
| {
| return rint ();
|   ;
|   return 0;
| }
configure:5870: result: no
configure:6011: checking what warning flags to pass to the C compiler
configure:6013: result: -Wall -Wmissing-prototypes
configure:6024: checking what language compliance flags to pass to the C compiler
configure:6039: result: 
configure:6095: checking for pkg-config
configure:6113: found /usr/bin/pkg-config
configure:6125: result: /usr/bin/pkg-config
configure:6154: checking pkg-config is at least version 0.9.0
configure:6157: result: yes
configure:6168: checking for DBUS_GTK
configure:6176: $PKG_CONFIG --exists --print-errors "gtk+-2.0 >= 2.6.0"
configure:6179: $? = 0
configure:6194: $PKG_CONFIG --exists --print-errors "gtk+-2.0 >= 2.6.0"
configure:6197: $? = 0
configure:6233: result: yes
configure:6249: checking for PACKAGE
configure:6257: $PKG_CONFIG --exists --print-errors "$pkg_modules"
configure:6260: $? = 0
configure:6275: $PKG_CONFIG --exists --print-errors "$pkg_modules"
configure:6278: $? = 0
configure:6354: result: yes
configure:6376: result: Using config source xml:merged:/etc/gconf/gconf.xml.defaults for schema installation
configure:6391: result: Using $(sysconfdir)/gconf/schemas as install directory for schema files
configure:6438: checking for sys/types.h
configure:6459: gcc -c -g -O2 -fstack-protector --param=ssp-buffer-size=4 -Wformat -Wformat-security -g -O2 -fstack-protector --param=ssp-buffer-size=4 -Wformat -Wformat-security -Werror=format-security -Wall -D_FORTIFY_SOURCE=2 conftest.c >&5
configure:6465: $? = 0
configure:6481: result: yes
configure:6438: checking for sys/stat.h
configure:6459: gcc -c -g -O2 -fstack-protector --param=ssp-buffer-size=4 -Wformat -Wformat-security -g -O2 -fstack-protector --param=ssp-buffer-size=4 -Wformat -Wformat-security -Werror=format-security -Wall -D_FORTIFY_SOURCE=2 conftest.c >&5
configure:6465: $? = 0
configure:6481: result: yes
configure:6438: checking for stdlib.h
configure:6459: gcc -c -g -O2 -fstack-protector --param=ssp-buffer-size=4 -Wformat -Wformat-security -g -O2 -fstack-protector --param=ssp-buffer-size=4 -Wformat -Wformat-security -Werror=format-security -Wall -D_FORTIFY_SOURCE=2 conftest.c >&5
configure:6465: $? = 0
configure:6481: result: yes
configure:6438: checking for string.h
configure:6459: gcc -c -g -O2 -fstack-protector --param=ssp-buffer-size=4 -Wformat -Wformat-security -g -O2 -fstack-protector --param=ssp-buffer-size=4 -Wformat -Wformat-security -Werror=format-security -Wall -D_FORTIFY_SOURCE=2 conftest.c >&5
configure:6465: $? = 0
configure:6481: result: yes
configure:6438: checking for memory.h
configure:6459: gcc -c -g -O2 -fstack-protector --param=ssp-buffer-size=4 -Wformat -Wformat-security -g -O2 -fstack-protector --param=ssp-buffer-size=4 -Wformat -Wformat-security -Werror=format-security -Wall -D_FORTIFY_SOURCE=2 conftest.c >&5
configure:6465: $? = 0
configure:6481: result: yes
configure:6438: checking for strings.h
configure:6459: gcc -c -g -O2 -fstack-protector --param=ssp-buffer-size=4 -Wformat -Wformat-security -g -O2 -fstack-protector --param=ssp-buffer-size=4 -Wformat -Wformat-security -Werror=format-security -Wall -D_FORTIFY_SOURCE=2 conftest.c >&5
configure:6465: $? = 0
configure:6481: result: yes
configure:6438: checking for inttypes.h
configure:6459: gcc -c -g -O2 -fstack-protector --param=ssp-buffer-size=4 -Wformat -Wformat-security -g -O2 -fstack-protector --param=ssp-buffer-size=4 -Wformat -Wformat-security -Werror=format-security -Wall -D_FORTIFY_SOURCE=2 conftest.c >&5
configure:6465: $? = 0
configure:6481: result: yes
configure:6438: checking for stdint.h
configure:6459: gcc -c -g -O2 -fstack-protector --param=ssp-buffer-size=4 -Wformat -Wformat-security -g -O2 -fstack-protector --param=ssp-buffer-size=4 -Wformat -Wformat-security -Werror=format-security -Wall -D_FORTIFY_SOURCE=2 conftest.c >&5
configure:6465: $? = 0
configure:6481: result: yes
configure:6438: checking for unistd.h
configure:6459: gcc -c -g -O2 -fstack-protector --param=ssp-buffer-size=4 -Wformat -Wformat-security -g -O2 -fstack-protector --param=ssp-buffer-size=4 -Wformat -Wformat-security -Werror=format-security -Wall -D_FORTIFY_SOURCE=2 conftest.c >&5
configure:6465: $? = 0
configure:6481: result: yes
configure:6499: checking build system type
configure:6517: result: x86_64-pc-linux-gnu
configure:6539: checking host system type
configure:6554: result: x86_64-pc-linux-gnu
configure:6592: checking locale.h usability
configure:6609: gcc -c -g -O2 -fstack-protector --param=ssp-buffer-size=4 -Wformat -Wformat-security -g -O2 -fstack-protector --param=ssp-buffer-size=4 -Wformat -Wformat-security -Werror=format-security -Wall -D_FORTIFY_SOURCE=2 conftest.c >&5
configure:6615: $? = 0
configure:6629: result: yes
configure:6633: checking locale.h presence
configure:6648: gcc -E -D_FORTIFY_SOURCE=2 conftest.c
configure:6654: $? = 0
configure:6668: result: yes
configure:6696: checking for locale.h
configure:6704: result: yes
configure:6718: checking for LC_MESSAGES
configure:6744: gcc -o conftest -g -O2 -fstack-protector --param=ssp-buffer-size=4 -Wformat -Wformat-security -g -O2 -fstack-protector --param=ssp-buffer-size=4 -Wformat -Wformat-security -Werror=format-security -Wall -D_FORTIFY_SOURCE=2 -Wl,-Bsymbolic-functions -Wl,-z,relro conftest.c  >&5
configure:6750: $? = 0
configure:6767: result: yes
configure:6796: checking libintl.h usability
configure:6813: gcc -c -g -O2 -fstack-protector --param=ssp-buffer-size=4 -Wformat -Wformat-security -g -O2 -fstack-protector --param=ssp-buffer-size=4 -Wformat -Wformat-security -Werror=format-security -Wall -D_FORTIFY_SOURCE=2 conftest.c >&5
configure:6819: $? = 0
configure:6833: result: yes
configure:6837: checking libintl.h presence
configure:6852: gcc -E -D_FORTIFY_SOURCE=2 conftest.c
configure:6858: $? = 0
configure:6872: result: yes
configure:6900: checking for libintl.h
configure:6907: result: yes
configure:6918: checking for ngettext in libc
configure:6946: gcc -o conftest -g -O2 -fstack-protector --param=ssp-buffer-size=4 -Wformat -Wformat-security -g -O2 -fstack-protector --param=ssp-buffer-size=4 -Wformat -Wformat-security -Werror=format-security -Wall -D_FORTIFY_SOURCE=2 -Wl,-Bsymbolic-functions -Wl,-z,relro conftest.c  >&5
configure:6952: $? = 0
configure:6970: result: yes
configure:6974: checking for dgettext in libc
configure:7002: gcc -o conftest -g -O2 -fstack-protector --param=ssp-buffer-size=4 -Wformat -Wformat-security -g -O2 -fstack-protector --param=ssp-buffer-size=4 -Wformat -Wformat-security -Werror=format-security -Wall -D_FORTIFY_SOURCE=2 -Wl,-Bsymbolic-functions -Wl,-z,relro conftest.c  >&5
configure:7008: $? = 0
configure:7026: result: yes
configure:7035: checking for bind_textdomain_codeset
configure:7091: gcc -o conftest -g -O2 -fstack-protector --param=ssp-buffer-size=4 -Wformat -Wformat-security -g -O2 -fstack-protector --param=ssp-buffer-size=4 -Wformat -Wformat-security -Werror=format-security -Wall -D_FORTIFY_SOURCE=2 -Wl,-Bsymbolic-functions -Wl,-z,relro conftest.c  >&5
configure:7097: $? = 0
configure:7115: result: yes
configure:7602: checking for msgfmt
configure:7629: result: /usr/bin/msgfmt
configure:7642: checking for dcgettext
configure:7698: gcc -o conftest -g -O2 -fstack-protector --param=ssp-buffer-size=4 -Wformat -Wformat-security -g -O2 -fstack-protector --param=ssp-buffer-size=4 -Wformat -Wformat-security -Werror=format-security -Wall -D_FORTIFY_SOURCE=2 -Wl,-Bsymbolic-functions -Wl,-z,relro conftest.c   >&5
conftest.c:52:6: warning: conflicting types for built-in function 'dcgettext' [enabled by default]
configure:7704: $? = 0
configure:7722: result: yes
configure:7733: checking if msgfmt accepts -c
configure:7748: msgfmt -c -o /dev/null conftest.foo
configure:7751: $? = 0
configure:7753: result: yes
configure:7763: checking for gmsgfmt
configure:7794: result: /usr/bin/msgfmt
configure:7804: checking for xgettext
configure:7831: result: /usr/bin/xgettext
configure:7860: gcc -o conftest -g -O2 -fstack-protector --param=ssp-buffer-size=4 -Wformat -Wformat-security -g -O2 -fstack-protector --param=ssp-buffer-size=4 -Wformat -Wformat-security -Werror=format-security -Wall -D_FORTIFY_SOURCE=2 -Wl,-Bsymbolic-functions -Wl,-z,relro conftest.c   >&5
configure:7866: $? = 0
configure:8035: checking for catalogs to be installed
configure:8060: result:  az ca cs de dz el en_CA en_GB es eu fi fr gl hr hu ja mn mk nb ne nl pa pt pt_BR sk sq sr sr@Latn sv th uk vi zh_CN zh_TW
configure:8238: creating ./config.status

## ---------------------- ##
## Running config.status. ##
## ---------------------- ##

This file was extended by gnome-alsamixer config.status 0.9.7, which was
generated by GNU Autoconf 2.61.  Invocation command line was

  CONFIG_FILES    = 
  CONFIG_HEADERS  = 
  CONFIG_LINKS    = 
  CONFIG_COMMANDS = 
  $ ./config.status 

on host-os

config.status:679: creating Makefile
config.status:679: creating gnome-alsamixer.spec
config.status:679: creating po/Makefile.in
config.status:679: creating src/Makefile
config.status:679: creating config.h
config.status:956: executing depfiles commands
config.status:956: executing default-1 commands

## ---------------- ##
## Cache variables. ##
## ---------------- ##

ac_cv_build=x86_64-pc-linux-gnu
ac_cv_c_compiler_gnu=yes
ac_cv_c_const=yes
ac_cv_env_CC_set=
ac_cv_env_CC_value=
ac_cv_env_CFLAGS_set=set
ac_cv_env_CFLAGS_value='-g -O2 -fstack-protector --param=ssp-buffer-size=4 -Wformat -Wformat-security -g -O2 -fstack-protector --param=ssp-buffer-size=4 -Wformat -Wformat-security -Werror=format-security -Wall'
ac_cv_env_CPPFLAGS_set=set
ac_cv_env_CPPFLAGS_value=-D_FORTIFY_SOURCE=2
ac_cv_env_CPP_set=
ac_cv_env_CPP_value=
ac_cv_env_DBUS_GTK_CFLAGS_set=
ac_cv_env_DBUS_GTK_CFLAGS_value=
ac_cv_env_DBUS_GTK_LIBS_set=
ac_cv_env_DBUS_GTK_LIBS_value=
ac_cv_env_LDFLAGS_set=set
ac_cv_env_LDFLAGS_value='-Wl,-Bsymbolic-functions -Wl,-z,relro'
ac_cv_env_LIBS_set=
ac_cv_env_LIBS_value=
ac_cv_env_PACKAGE_CFLAGS_set=
ac_cv_env_PACKAGE_CFLAGS_value=
ac_cv_env_PACKAGE_LIBS_set=
ac_cv_env_PACKAGE_LIBS_value=
ac_cv_env_PKG_CONFIG_set=
ac_cv_env_PKG_CONFIG_value=
ac_cv_env_build_alias_set=set
ac_cv_env_build_alias_value=x86_64-linux-gnu
ac_cv_env_host_alias_set=
ac_cv_env_host_alias_value=
ac_cv_env_target_alias_set=
ac_cv_env_target_alias_value=
ac_cv_func_bind_textdomain_codeset=yes
ac_cv_func_dcgettext=yes
ac_cv_func_rint=no
ac_cv_header_inttypes_h=yes
ac_cv_header_libintl_h=yes
ac_cv_header_locale_h=yes
ac_cv_header_memory_h=yes
ac_cv_header_stdc=yes
ac_cv_header_stdint_h=yes
ac_cv_header_stdlib_h=yes
ac_cv_header_string_h=yes
ac_cv_header_strings_h=yes
ac_cv_header_sys_stat_h=yes
ac_cv_header_sys_types_h=yes
ac_cv_header_unistd_h=yes
ac_cv_host=x86_64-pc-linux-gnu
ac_cv_objext=o
ac_cv_path_EGREP='/bin/grep -E'
ac_cv_path_GMSGFMT=/usr/bin/msgfmt
ac_cv_path_GREP=/bin/grep
ac_cv_path_MSGFMT=/usr/bin/msgfmt
ac_cv_path_XGETTEXT=/usr/bin/xgettext
ac_cv_path_ac_pt_PKG_CONFIG=/usr/bin/pkg-config
ac_cv_path_install='/usr/bin/install -c'
ac_cv_prog_AWK=mawk
ac_cv_prog_CPP='gcc -E'
ac_cv_prog_ac_ct_CC=gcc
ac_cv_prog_cc_c89=
ac_cv_prog_cc_g=yes
ac_cv_prog_make_make_set=yes
ac_cv_search_strerror='none required'
am_cv_CC_dependencies_compiler_type=none
am_cv_prog_cc_stdc=
am_cv_val_LC_MESSAGES=yes
gt_cv_func_dgettext_libc=yes
gt_cv_func_dgettext_libintl=no
gt_cv_func_ngettext_libc=yes
gt_cv_have_gettext=yes
pkg_cv_DBUS_GTK_CFLAGS='-pthread -I/usr/include/gtk-2.0 -I/usr/lib/x86_64-linux-gnu/gtk-2.0/include -I/usr/include/atk-1.0 -I/usr/include/cairo -I/usr/include/gdk-pixbuf-2.0 -I/usr/include/pango-1.0 -I/usr/include/gio-unix-2.0/ -I/usr/include/glib-2.0 -I/usr/lib/x86_64-linux-gnu/glib-2.0/include -I/usr/include/pixman-1 -I/usr/include/freetype2 -I/usr/include/libpng12  '
pkg_cv_DBUS_GTK_LIBS='-lgtk-x11-2.0 -lgdk-x11-2.0 -latk-1.0 -lgio-2.0 -lpangoft2-1.0 -lpangocairo-1.0 -lgdk_pixbuf-2.0 -lcairo -lpango-1.0 -lfreetype -lfontconfig -lgobject-2.0 -lglib-2.0  '
pkg_cv_PACKAGE_CFLAGS='-pthread -DORBIT2=1 -D_REENTRANT -I/usr/include/libgnomeui-2.0 -I/usr/include/libart-2.0 -I/usr/include/gconf/2 -I/usr/include/gnome-keyring-1 -I/usr/include/libgnome-2.0 -I/usr/include/libbonoboui-2.0 -I/usr/include/libgnomecanvas-2.0 -I/usr/include/gtk-2.0 -I/usr/include/gdk-pixbuf-2.0 -I/usr/include/gnome-vfs-2.0 -I/usr/lib/x86_64-linux-gnu/gnome-vfs-2.0/include -I/usr/include/dbus-1.0 -I/usr/lib/x86_64-linux-gnu/dbus-1.0/include -I/usr/include/glib-2.0 -I/usr/lib/x86_64-linux-gnu/glib-2.0/include -I/usr/include/orbit-2.0 -I/usr/include/libbonobo-2.0 -I/usr/include/bonobo-activation-2.0 -I/usr/include/libxml2 -I/usr/include/pango-1.0 -I/usr/include/gail-1.0 -I/usr/include/freetype2 -I/usr/include/atk-1.0 -I/usr/lib/x86_64-linux-gnu/gtk-2.0/include -I/usr/include/cairo -I/usr/include/gio-unix-2.0/ -I/usr/include/pixman-1 -I/usr/include/libpng12 -I/usr/include/alsa  '
pkg_cv_PACKAGE_LIBS='-pthread -lgnomeui-2 -lSM -lICE -lbonoboui-2 -lgnomevfs-2 -lgnomecanvas-2 -lgnome-2 -lpopt -lbonobo-2 -lbonobo-activation -lORBit-2 -lart_lgpl_2 -lgtk-x11-2.0 -lgdk-x11-2.0 -latk-1.0 -lgio-2.0 -lpangoft2-1.0 -lpangocairo-1.0 -lgdk_pixbuf-2.0 -lcairo -lpango-1.0 -lfreetype -lfontconfig -lgthread-2.0 -lgmodule-2.0 -lrt -lgobject-2.0 -lgconf-2 -lglib-2.0 -lasound  '

## ----------------- ##
## Output variables. ##
## ----------------- ##

ACLOCAL='${SHELL} /home/sl/project/gnome-alsamixer/1/gnome-alsamixer-0.9.7~cvs.20060916.ds.1/missing --run aclocal-1.9'
AMDEPBACKSLASH=''
AMDEP_FALSE=''
AMDEP_TRUE='#'
AMTAR='${SHELL} /home/sl/project/gnome-alsamixer/1/gnome-alsamixer-0.9.7~cvs.20060916.ds.1/missing --run tar'
AUTOCONF='${SHELL} /home/sl/project/gnome-alsamixer/1/gnome-alsamixer-0.9.7~cvs.20060916.ds.1/missing --run autoconf'
AUTOHEADER='${SHELL} /home/sl/project/gnome-alsamixer/1/gnome-alsamixer-0.9.7~cvs.20060916.ds.1/missing --run autoheader'
AUTOMAKE='${SHELL} /home/sl/project/gnome-alsamixer/1/gnome-alsamixer-0.9.7~cvs.20060916.ds.1/missing --run automake-1.9'
AWK='mawk'
CATALOGS=' az.gmo ca.gmo cs.gmo de.gmo dz.gmo el.gmo en_CA.gmo en_GB.gmo es.gmo eu.gmo fi.gmo fr.gmo gl.gmo hr.gmo hu.gmo ja.gmo mn.gmo mk.gmo nb.gmo ne.gmo nl.gmo pa.gmo pt.gmo pt_BR.gmo sk.gmo sq.gmo sr.gmo sr@Latn.gmo sv.gmo th.gmo uk.gmo vi.gmo zh_CN.gmo zh_TW.gmo'
CATOBJEXT='.gmo'
CC='gcc'
CCDEPMODE='depmode=none'
CFLAGS='-g -O2 -fstack-protector --param=ssp-buffer-size=4 -Wformat -Wformat-security -g -O2 -fstack-protector --param=ssp-buffer-size=4 -Wformat -Wformat-security -Werror=format-security -Wall'
CPP='gcc -E'
CPPFLAGS='-D_FORTIFY_SOURCE=2'
CYGPATH_W='echo'
DATADIRNAME='share'
DBUS_GTK_CFLAGS='-pthread -I/usr/include/gtk-2.0 -I/usr/lib/x86_64-linux-gnu/gtk-2.0/include -I/usr/include/atk-1.0 -I/usr/include/cairo -I/usr/include/gdk-pixbuf-2.0 -I/usr/include/pango-1.0 -I/usr/include/gio-unix-2.0/ -I/usr/include/glib-2.0 -I/usr/lib/x86_64-linux-gnu/glib-2.0/include -I/usr/include/pixman-1 -I/usr/include/freetype2 -I/usr/include/libpng12  '
DBUS_GTK_LIBS='-lgtk-x11-2.0 -lgdk-x11-2.0 -latk-1.0 -lgio-2.0 -lpangoft2-1.0 -lpangocairo-1.0 -lgdk_pixbuf-2.0 -lcairo -lpango-1.0 -lfreetype -lfontconfig -lgobject-2.0 -lglib-2.0  '
DEFS='-DHAVE_CONFIG_H'
DEPDIR='.deps'
ECHO_C=''
ECHO_N='-n'
ECHO_T=''
EGREP='/bin/grep -E'
EXEEXT=''
GCONF_SCHEMAS_INSTALL_FALSE='#'
GCONF_SCHEMAS_INSTALL_TRUE=''
GCONF_SCHEMA_CONFIG_SOURCE='xml:merged:/etc/gconf/gconf.xml.defaults'
GCONF_SCHEMA_FILE_DIR='$(sysconfdir)/gconf/schemas'
GETTEXT_PACKAGE='gnome-alsamixer'
GMOFILES=' az.gmo ca.gmo cs.gmo de.gmo dz.gmo el.gmo en_CA.gmo en_GB.gmo es.gmo eu.gmo fi.gmo fr.gmo gl.gmo hr.gmo hu.gmo ja.gmo mn.gmo mk.gmo nb.gmo ne.gmo nl.gmo pa.gmo pt.gmo pt_BR.gmo sk.gmo sq.gmo sr.gmo sr@Latn.gmo sv.gmo th.gmo uk.gmo vi.gmo zh_CN.gmo zh_TW.gmo'
GMSGFMT='/usr/bin/msgfmt'
GREP='/bin/grep'
INSTALL_DATA='${INSTALL} -m 644'
INSTALL_PROGRAM='${INSTALL}'
INSTALL_SCRIPT='${INSTALL}'
INSTALL_STRIP_PROGRAM='${SHELL} $(install_sh) -c -s'
INSTOBJEXT='.mo'
INTLLIBS=''
LDFLAGS='-Wl,-Bsymbolic-functions -Wl,-z,relro'
LIBOBJS=''
LIBS=''
LTLIBOBJS=''
MAINT='#'
MAINTAINER_MODE_FALSE=''
MAINTAINER_MODE_TRUE='#'
MAKEINFO='${SHELL} /home/sl/project/gnome-alsamixer/1/gnome-alsamixer-0.9.7~cvs.20060916.ds.1/missing --run makeinfo'
MKINSTALLDIRS='./mkinstalldirs'
MSGFMT='/usr/bin/msgfmt'
MSGFMT_OPTS='-c'
OBJEXT='o'
PACKAGE='gnome-alsamixer'
PACKAGE_BUGREPORT=''
PACKAGE_CFLAGS='-pthread -DORBIT2=1 -D_REENTRANT -I/usr/include/libgnomeui-2.0 -I/usr/include/libart-2.0 -I/usr/include/gconf/2 -I/usr/include/gnome-keyring-1 -I/usr/include/libgnome-2.0 -I/usr/include/libbonoboui-2.0 -I/usr/include/libgnomecanvas-2.0 -I/usr/include/gtk-2.0 -I/usr/include/gdk-pixbuf-2.0 -I/usr/include/gnome-vfs-2.0 -I/usr/lib/x86_64-linux-gnu/gnome-vfs-2.0/include -I/usr/include/dbus-1.0 -I/usr/lib/x86_64-linux-gnu/dbus-1.0/include -I/usr/include/glib-2.0 -I/usr/lib/x86_64-linux-gnu/glib-2.0/include -I/usr/include/orbit-2.0 -I/usr/include/libbonobo-2.0 -I/usr/include/bonobo-activation-2.0 -I/usr/include/libxml2 -I/usr/include/pango-1.0 -I/usr/include/gail-1.0 -I/usr/include/freetype2 -I/usr/include/atk-1.0 -I/usr/lib/x86_64-linux-gnu/gtk-2.0/include -I/usr/include/cairo -I/usr/include/gio-unix-2.0/ -I/usr/include/pixman-1 -I/usr/include/libpng12 -I/usr/include/alsa  '
PACKAGE_LIBS='-pthread -lgnomeui-2 -lSM -lICE -lbonoboui-2 -lgnomevfs-2 -lgnomecanvas-2 -lgnome-2 -lpopt -lbonobo-2 -lbonobo-activation -lORBit-2 -lart_lgpl_2 -lgtk-x11-2.0 -lgdk-x11-2.0 -latk-1.0 -lgio-2.0 -lpangoft2-1.0 -lpangocairo-1.0 -lgdk_pixbuf-2.0 -lcairo -lpango-1.0 -lfreetype -lfontconfig -lgthread-2.0 -lgmodule-2.0 -lrt -lgobject-2.0 -lgconf-2 -lglib-2.0 -lasound  '
PACKAGE_NAME='gnome-alsamixer'
PACKAGE_STRING='gnome-alsamixer 0.9.7'
PACKAGE_TARNAME='gnome-alsamixer'
PACKAGE_VERSION='0.9.7'
PATH_SEPARATOR=':'
PKG_CONFIG='/usr/bin/pkg-config'
POFILES=' az.po ca.po cs.po de.po dz.po el.po en_CA.po en_GB.po es.po eu.po fi.po fr.po gl.po hr.po hu.po ja.po mn.po mk.po nb.po ne.po nl.po pa.po pt.po pt_BR.po sk.po sq.po sr.po sr@Latn.po sv.po th.po uk.po vi.po zh_CN.po zh_TW.po'
POSUB='po'
PO_IN_DATADIR_FALSE=''
PO_IN_DATADIR_TRUE=''
SET_MAKE=''
SHELL='/bin/bash'
STRIP=''
USE_NLS='yes'
VERSION='0.9.7'
WARN_CFLAGS='-Wall -Wmissing-prototypes '
XGETTEXT='/usr/bin/xgettext'
ac_ct_CC='gcc'
am__fastdepCC_FALSE=''
am__fastdepCC_TRUE='#'
am__include='include'
am__leading_dot='.'
am__quote=''
am__tar='${AMTAR} chof - "$$tardir"'
am__untar='${AMTAR} xf -'
bindir='${exec_prefix}/bin'
build='x86_64-pc-linux-gnu'
build_alias='x86_64-linux-gnu'
build_cpu='x86_64'
build_os='linux-gnu'
build_vendor='pc'
datadir='${datarootdir}'
datarootdir='${prefix}/share'
docdir='${datarootdir}/doc/${PACKAGE_TARNAME}'
dvidir='${docdir}'
exec_prefix='${prefix}'
host='x86_64-pc-linux-gnu'
host_alias=''
host_cpu='x86_64'
host_os='linux-gnu'
host_vendor='pc'
htmldir='${docdir}'
includedir='${prefix}/include'
infodir='${prefix}/share/info'
install_sh='/home/sl/project/gnome-alsamixer/1/gnome-alsamixer-0.9.7~cvs.20060916.ds.1/install-sh'
libdir='${exec_prefix}/lib'
libexecdir='${prefix}/lib/gnome-alsamixer'
localedir='${datarootdir}/locale'
localstatedir='/var'
mandir='${prefix}/share/man'
mkdir_p='mkdir -p --'
oldincludedir='/usr/include'
pdfdir='${docdir}'
prefix='/usr'
program_transform_name='s,x,x,'
psdir='${docdir}'
sbindir='${exec_prefix}/sbin'
sharedstatedir='${prefix}/com'
sysconfdir='/etc'
target_alias=''

## ----------- ##
## confdefs.h. ##
## ----------- ##

#define PACKAGE_NAME "gnome-alsamixer"
#define PACKAGE_TARNAME "gnome-alsamixer"
#define PACKAGE_VERSION "0.9.7"
#define PACKAGE_STRING "gnome-alsamixer 0.9.7"
#define PACKAGE_BUGREPORT ""
#define PACKAGE "gnome-alsamixer"
#define VERSION "0.9.7"
#define STDC_HEADERS 1
#define G_DISABLE_ASSERT
#define G_DISABLE_CHECKS
#define G_DISABLE_CAST_CHECKS
#define HAVE_GTK26
#define GETTEXT_PACKAGE "gnome-alsamixer"
#define HAVE_SYS_TYPES_H 1
#define HAVE_SYS_STAT_H 1
#define HAVE_STDLIB_H 1
#define HAVE_STRING_H 1
#define HAVE_MEMORY_H 1
#define HAVE_STRINGS_H 1
#define HAVE_INTTYPES_H 1
#define HAVE_STDINT_H 1
#define HAVE_UNISTD_H 1
#define HAVE_LOCALE_H 1
#define HAVE_LC_MESSAGES 1
#define HAVE_BIND_TEXTDOMAIN_CODESET 1
#define HAVE_GETTEXT 1
#define HAVE_DCGETTEXT 1
#define ENABLE_NLS 1

configure: exit 0
